[debug] [2017-12-16T18:47:12.451Z] ----------------------------------------------------------------------
[debug] [2017-12-16T18:47:12.451Z] Command:       C:\Program Files\nodejs\node.exe C:\Users\jjdav_000\AppData\Roaming\npm\node_modules\firebase-tools\bin\firebase serve
[debug] [2017-12-16T18:47:12.466Z] CLI Version:   3.16.0
[debug] [2017-12-16T18:47:12.466Z] Platform:      win32
[debug] [2017-12-16T18:47:12.466Z] Node Version:  v6.11.4
[debug] [2017-12-16T18:47:12.466Z] Time:          Sat Dec 16 2017 11:47:12 GMT-0700 (US Mountain Standard Time)
[debug] [2017-12-16T18:47:12.466Z] ----------------------------------------------------------------------
[debug] 
[debug] [2017-12-16T18:47:12.482Z] > command requires scopes: ["email","openid","https://www.googleapis.com/auth/cloudplatformprojects.readonly","https://www.googleapis.com/auth/firebase","https://www.googleapis.com/auth/cloud-platform"]
[debug] [2017-12-16T18:47:12.482Z] > authorizing via signed-in user
[debug] [2017-12-16T18:47:12.482Z] >>> HTTP REQUEST GET https://admin.firebase.com/v1/projects/event-planner-54834  
  
 Sat Dec 16 2017 11:47:12 GMT-0700 (US Mountain Standard Time)
[debug] [2017-12-16T18:47:13.141Z] <<< HTTP RESPONSE 200
[debug] [2017-12-16T18:47:13.141Z] >>> HTTP REQUEST GET https://admin.firebase.com/v1/database/event-planner-54834/tokens  
  
 Sat Dec 16 2017 11:47:13 GMT-0700 (US Mountain Standard Time)
[debug] [2017-12-16T18:47:13.625Z] <<< HTTP RESPONSE 200
[info] 
[info] === Serving from 'C:\Users\jjdav_000\Desktop\UA_BOOTCAMP\10-17-2017-Tucson-Class-Repository-FSF\Project_01\Event-Planner'...
[info] 
[debug] [2017-12-16T18:47:13.641Z] >>> HTTP REQUEST GET https://cloudresourcemanager.googleapis.com/v1/projects/event-planner-54834  
  
 Sat Dec 16 2017 11:47:13 GMT-0700 (US Mountain Standard Time)
[debug] [2017-12-16T18:47:14.408Z] <<< HTTP RESPONSE 200
[debug] [2017-12-16T18:47:14.408Z] >>> HTTP REQUEST GET https://mobilesdk-pa.googleapis.com/v1/projects/803664413287/clients/_:getWebAppConfig  
  
 Sat Dec 16 2017 11:47:14 GMT-0700 (US Mountain Standard Time)
[debug] [2017-12-16T18:47:15.111Z] <<< HTTP RESPONSE 200
[info] i  hosting: Serving hosting files from: /.
[info] +  hosting: Local server: http://localhost:5000

